# JRE version: OpenJDK Runtime Environment Temurin-21.0.10+7 (21.0.10+7) (build 21.0.10+7-LTS)
# Java VM: OpenJDK 64-Bit Server VM Temurin-21.0.10+7 (21.0.10+7-LTS, mixed mode, sharing, tiered, compressed oops, compressed class ptrs, parallel gc, windows-amd64)
GC Precious Log:
 CardTable entry size: 512
 CPUs: 8 total, 8 available
 Memory: 7939M
 Large Page Support: Disabled
 NUMA Support: Disabled
 Compressed Oops: Enabled (32-bit)
 Alignments: Space 512K, Generation 512K, Heap 2M
 Heap Min Capacity: 100M
 Heap Initial Capacity: 100M
 Heap Max Capacity: 2G
 Pre-touch: Disabled
 Parallel Workers: 8
Heap:
 PSYoungGen      total 6656K, used 5454K [0x00000000d5580000, 0x00000000d5d00000, 0x0000000100000000)
  eden space 5632K, 87% used [0x00000000d5580000,0x00000000d5a4ba90,0x00000000d5b00000)
  from space 1024K, 53% used [0x00000000d5b00000,0x00000000d5b88000,0x00000000d5c00000)
  to   space 1024K, 0% used [0x00000000d5c00000,0x00000000d5c00000,0x00000000d5d00000)
 ParOldGen       total 558592K, used 536939K [0x0000000080000000, 0x00000000a2180000, 0x00000000d5580000)
  object space 558592K, 96% used [0x0000000080000000,0x00000000a0c5af70,0x00000000a2180000)
 Metaspace       used 90514K, committed 92480K, reserved 1179648K
  class space    used 9201K, committed 10112K, reserved 1048576K
GC Heap History (20 events):
Event: 1309.040 GC heap before
{Heap before GC invocations=2491 (full 5):
 PSYoungGen      total 3584K, used 3200K [0x00000000d5580000, 0x00000000d5d00000, 0x0000000100000000)
  eden space 1536K, 100% used [0x00000000d5580000,0x00000000d5700000,0x00000000d5700000)
  from space 2048K, 81% used [0x00000000d5700000,0x00000000d58a0000,0x00000000d5900000)
  to   space 3072K, 0% used [0x00000000d5a00000,0x00000000d5a00000,0x00000000d5d00000)
 ParOldGen       total 558592K, used 527954K [0x0000000080000000, 0x00000000a2180000, 0x00000000d5580000)
  object space 558592K, 94% used [0x0000000080000000,0x00000000a0394a60,0x00000000a2180000)
 Metaspace       used 90489K, committed 92480K, reserved 1179648K
  class space    used 9195K, committed 10112K, reserved 1048576K
}
Event: 1309.049 GC heap after
{Heap after GC invocations=2491 (full 5):
 PSYoungGen      total 4096K, used 1600K [0x00000000d5580000, 0x00000000d5c00000, 0x0000000100000000)
  eden space 2048K, 0% used [0x00000000d5580000,0x00000000d5580000,0x00000000d5780000)
  from space 2048K, 78% used [0x00000000d5a00000,0x00000000d5b90000,0x00000000d5c00000)
  to   space 2048K, 0% used [0x00000000d5800000,0x00000000d5800000,0x00000000d5a00000)
 ParOldGen       total 558592K, used 529522K [0x0000000080000000, 0x00000000a2180000, 0x00000000d5580000)
  object space 558592K, 94% used [0x0000000080000000,0x00000000a051ca60,0x00000000a2180000)
 Metaspace       used 90489K, committed 92480K, reserved 1179648K
  class space    used 9195K, committed 10112K, reserved 1048576K
}
Event: 1309.058 GC heap before
{Heap before GC invocations=2492 (full 5):
 PSYoungGen      total 4096K, used 3648K [0x00000000d5580000, 0x00000000d5c00000, 0x0000000100000000)
  eden space 2048K, 100% used [0x00000000d5580000,0x00000000d5780000,0x00000000d5780000)
  from space 2048K, 78% used [0x00000000d5a00000,0x00000000d5b90000,0x00000000d5c00000)
  to   space 2048K, 0% used [0x00000000d5800000,0x00000000d5800000,0x00000000d5a00000)
 ParOldGen       total 558592K, used 529522K [0x0000000080000000, 0x00000000a2180000, 0x00000000d5580000)
  object space 558592K, 94% used [0x0000000080000000,0x00000000a051ca60,0x00000000a2180000)
 Metaspace       used 90489K, committed 92480K, reserved 1179648K
  class space    used 9195K, committed 10112K, reserved 1048576K
}
Event: 1309.067 GC heap after
{Heap after GC invocations=2492 (full 5):
 PSYoungGen      total 4608K, used 2048K [0x00000000d5580000, 0x00000000d6000000, 0x0000000100000000)
  eden space 2560K, 0% used [0x00000000d5580000,0x00000000d5580000,0x00000000d5800000)
  from space 2048K, 100% used [0x00000000d5800000,0x00000000d5a00000,0x00000000d5a00000)
  to   space 4096K, 0% used [0x00000000d5c00000,0x00000000d5c00000,0x00000000d6000000)
 ParOldGen       total 558592K, used 531106K [0x0000000080000000, 0x00000000a2180000, 0x00000000d5580000)
  object space 558592K, 95% used [0x0000000080000000,0x00000000a06a8a60,0x00000000a2180000)
 Metaspace       used 90489K, committed 92480K, reserved 1179648K
  class space    used 9195K, committed 10112K, reserved 1048576K
}
Event: 1309.100 GC heap before
{Heap before GC invocations=2493 (full 5):
 PSYoungGen      total 4608K, used 4608K [0x00000000d5580000, 0x00000000d6000000, 0x0000000100000000)
  eden space 2560K, 100% used [0x00000000d5580000,0x00000000d5800000,0x00000000d5800000)
  from space 2048K, 100% used [0x00000000d5800000,0x00000000d5a00000,0x00000000d5a00000)
  to   space 4096K, 0% used [0x00000000d5c00000,0x00000000d5c00000,0x00000000d6000000)
 ParOldGen       total 558592K, used 531106K [0x0000000080000000, 0x00000000a2180000, 0x00000000d5580000)
  object space 558592K, 95% used [0x0000000080000000,0x00000000a06a8a60,0x00000000a2180000)
 Metaspace       used 90507K, committed 92480K, reserved 1179648K
  class space    used 9200K, committed 10112K, reserved 1048576K
}
Event: 1309.110 GC heap after
{Heap after GC invocations=2493 (full 5):
 PSYoungGen      total 4096K, used 858K [0x00000000d5580000, 0x00000000d5d00000, 0x0000000100000000)
  eden space 3072K, 0% used [0x00000000d5580000,0x00000000d5580000,0x00000000d5880000)
  from space 1024K, 83% used [0x00000000d5c00000,0x00000000d5cd6900,0x00000000d5d00000)
  to   space 2048K, 0% used [0x00000000d5900000,0x00000000d5900000,0x00000000d5b00000)
 ParOldGen       total 558592K, used 533162K [0x0000000080000000, 0x00000000a2180000, 0x00000000d5580000)
  object space 558592K, 95% used [0x0000000080000000,0x00000000a08aaa60,0x00000000a2180000)
 Metaspace       used 90507K, committed 92480K, reserved 1179648K
  class space    used 9200K, committed 10112K, reserved 1048576K
}
Event: 1309.130 GC heap before
{Heap before GC invocations=2494 (full 5):
 PSYoungGen      total 4096K, used 3930K [0x00000000d5580000, 0x00000000d5d00000, 0x0000000100000000)
  eden space 3072K, 100% used [0x00000000d5580000,0x00000000d5880000,0x00000000d5880000)
  from space 1024K, 83% used [0x00000000d5c00000,0x00000000d5cd6900,0x00000000d5d00000)
  to   space 2048K, 0% used [0x00000000d5900000,0x00000000d5900000,0x00000000d5b00000)
 ParOldGen       total 558592K, used 533162K [0x0000000080000000, 0x00000000a2180000, 0x00000000d5580000)
  object space 558592K, 95% used [0x0000000080000000,0x00000000a08aaa60,0x00000000a2180000)
 Metaspace       used 90507K, committed 92480K, reserved 1179648K
  class space    used 9200K, committed 10112K, reserved 1048576K
}
Event: 1309.136 GC heap after
{Heap after GC invocations=2494 (full 5):
 PSYoungGen      total 5632K, used 608K [0x00000000d5580000, 0x00000000d5c80000, 0x0000000100000000)
  eden space 3584K, 0% used [0x00000000d5580000,0x00000000d5580000,0x00000000d5900000)
  from space 2048K, 29% used [0x00000000d5900000,0x00000000d5998000,0x00000000d5b00000)
  to   space 1024K, 0% used [0x00000000d5b80000,0x00000000d5b80000,0x00000000d5c80000)
 ParOldGen       total 558592K, used 533827K [0x0000000080000000, 0x00000000a2180000, 0x00000000d5580000)
  object space 558592K, 95% used [0x0000000080000000,0x00000000a0950f30,0x00000000a2180000)
 Metaspace       used 90507K, committed 92480K, reserved 1179648K
  class space    used 9200K, committed 10112K, reserved 1048576K
}
Event: 1309.148 GC heap before
{Heap before GC invocations=2495 (full 5):
 PSYoungGen      total 5632K, used 4192K [0x00000000d5580000, 0x00000000d5c80000, 0x0000000100000000)
  eden space 3584K, 100% used [0x00000000d5580000,0x00000000d5900000,0x00000000d5900000)
  from space 2048K, 29% used [0x00000000d5900000,0x00000000d5998000,0x00000000d5b00000)
  to   space 1024K, 0% used [0x00000000d5b80000,0x00000000d5b80000,0x00000000d5c80000)
 ParOldGen       total 558592K, used 533827K [0x0000000080000000, 0x00000000a2180000, 0x00000000d5580000)
  object space 558592K, 95% used [0x0000000080000000,0x00000000a0950f30,0x00000000a2180000)
 Metaspace       used 90507K, committed 92480K, reserved 1179648K
  class space    used 9200K, committed 10112K, reserved 1048576K
}
Event: 1309.152 GC heap after
{Heap after GC invocations=2495 (full 5):
 PSYoungGen      total 5120K, used 320K [0x00000000d5580000, 0x00000000d5c00000, 0x0000000100000000)
  eden space 4608K, 0% used [0x00000000d5580000,0x00000000d5580000,0x00000000d5a00000)
  from space 512K, 62% used [0x00000000d5b80000,0x00000000d5bd0000,0x00000000d5c00000)
  to   space 512K, 0% used [0x00000000d5b00000,0x00000000d5b00000,0x00000000d5b80000)
 ParOldGen       total 558592K, used 534363K [0x0000000080000000, 0x00000000a2180000, 0x00000000d5580000)
  object space 558592K, 95% used [0x0000000080000000,0x00000000a09d6f30,0x00000000a2180000)
 Metaspace       used 90507K, committed 92480K, reserved 1179648K
  class space    used 9200K, committed 10112K, reserved 1048576K
}
Event: 1309.176 GC heap before
{Heap before GC invocations=2496 (full 5):
 PSYoungGen      total 5120K, used 4928K [0x00000000d5580000, 0x00000000d5c00000, 0x0000000100000000)
  eden space 4608K, 100% used [0x00000000d5580000,0x00000000d5a00000,0x00000000d5a00000)
  from space 512K, 62% used [0x00000000d5b80000,0x00000000d5bd0000,0x00000000d5c00000)
  to   space 512K, 0% used [0x00000000d5b00000,0x00000000d5b00000,0x00000000d5b80000)
 ParOldGen       total 558592K, used 534363K [0x0000000080000000, 0x00000000a2180000, 0x00000000d5580000)
  object space 558592K, 95% used [0x0000000080000000,0x00000000a09d6f30,0x00000000a2180000)
 Metaspace       used 90507K, committed 92480K, reserved 1179648K
  class space    used 9200K, committed 10112K, reserved 1048576K
}
Event: 1309.179 GC heap after
{Heap after GC invocations=2496 (full 5):
 PSYoungGen      total 6144K, used 512K [0x00000000d5580000, 0x00000000d5d00000, 0x0000000100000000)
  eden space 5632K, 0% used [0x00000000d5580000,0x00000000d5580000,0x00000000d5b00000)
  from space 512K, 100% used [0x00000000d5b00000,0x00000000d5b80000,0x00000000d5b80000)
  to   space 1024K, 0% used [0x00000000d5c00000,0x00000000d5c00000,0x00000000d5d00000)
 ParOldGen       total 558592K, used 534599K [0x0000000080000000, 0x00000000a2180000, 0x00000000d5580000)
  object space 558592K, 95% used [0x0000000080000000,0x00000000a0a11f50,0x00000000a2180000)
 Metaspace       used 90507K, committed 92480K, reserved 1179648K
  class space    used 9200K, committed 10112K, reserved 1048576K
}
Event: 1309.217 GC heap before
{Heap before GC invocations=2497 (full 5):
 PSYoungGen      total 6144K, used 6144K [0x00000000d5580000, 0x00000000d5d00000, 0x0000000100000000)
  eden space 5632K, 100% used [0x00000000d5580000,0x00000000d5b00000,0x00000000d5b00000)
  from space 512K, 100% used [0x00000000d5b00000,0x00000000d5b80000,0x00000000d5b80000)
  to   space 1024K, 0% used [0x00000000d5c00000,0x00000000d5c00000,0x00000000d5d00000)
 ParOldGen       total 558592K, used 534599K [0x0000000080000000, 0x00000000a2180000, 0x00000000d5580000)
  object space 558592K, 95% used [0x0000000080000000,0x00000000a0a11f50,0x00000000a2180000)
 Metaspace       used 90509K, committed 92480K, reserved 1179648K
  class space    used 9200K, committed 10112K, reserved 1048576K
}
Event: 1309.221 GC heap after
{Heap after GC invocations=2497 (full 5):
 PSYoungGen      total 6656K, used 768K [0x00000000d5580000, 0x00000000d5d00000, 0x0000000100000000)
  eden space 5632K, 0% used [0x00000000d5580000,0x00000000d5580000,0x00000000d5b00000)
  from space 1024K, 75% used [0x00000000d5c00000,0x00000000d5cc0000,0x00000000d5d00000)
  to   space 1024K, 0% used [0x00000000d5b00000,0x00000000d5b00000,0x00000000d5c00000)
 ParOldGen       total 558592K, used 535111K [0x0000000080000000, 0x00000000a2180000, 0x00000000d5580000)
  object space 558592K, 95% used [0x0000000080000000,0x00000000a0a91f60,0x00000000a2180000)
 Metaspace       used 90509K, committed 92480K, reserved 1179648K
  class space    used 9200K, committed 10112K, reserved 1048576K
}
Event: 1309.269 GC heap before
{Heap before GC invocations=2498 (full 5):
 PSYoungGen      total 6656K, used 6400K [0x00000000d5580000, 0x00000000d5d00000, 0x0000000100000000)
  eden space 5632K, 100% used [0x00000000d5580000,0x00000000d5b00000,0x00000000d5b00000)
  from space 1024K, 75% used [0x00000000d5c00000,0x00000000d5cc0000,0x00000000d5d00000)
  to   space 1024K, 0% used [0x00000000d5b00000,0x00000000d5b00000,0x00000000d5c00000)
 ParOldGen       total 558592K, used 535111K [0x0000000080000000, 0x00000000a2180000, 0x00000000d5580000)
  object space 558592K, 95% used [0x0000000080000000,0x00000000a0a91f60,0x00000000a2180000)
 Metaspace       used 90510K, committed 92480K, reserved 1179648K
  class space    used 9200K, committed 10112K, reserved 1048576K
}
Event: 1309.273 GC heap after
{Heap after GC invocations=2498 (full 5):
 PSYoungGen      total 6656K, used 928K [0x00000000d5580000, 0x00000000d5d00000, 0x0000000100000000)
  eden space 5632K, 0% used [0x00000000d5580000,0x00000000d5580000,0x00000000d5b00000)
  from space 1024K, 90% used [0x00000000d5b00000,0x00000000d5be8000,0x00000000d5c00000)
  to   space 1024K, 0% used [0x00000000d5c00000,0x00000000d5c00000,0x00000000d5d00000)
 ParOldGen       total 558592K, used 535779K [0x0000000080000000, 0x00000000a2180000, 0x00000000d5580000)
  object space 558592K, 95% used [0x0000000080000000,0x00000000a0b38ef0,0x00000000a2180000)
 Metaspace       used 90510K, committed 92480K, reserved 1179648K
  class space    used 9200K, committed 10112K, reserved 1048576K
}
Event: 1309.294 GC heap before
{Heap before GC invocations=2499 (full 5):
 PSYoungGen      total 6656K, used 6560K [0x00000000d5580000, 0x00000000d5d00000, 0x0000000100000000)
  eden space 5632K, 100% used [0x00000000d5580000,0x00000000d5b00000,0x00000000d5b00000)
  from space 1024K, 90% used [0x00000000d5b00000,0x00000000d5be8000,0x00000000d5c00000)
  to   space 1024K, 0% used [0x00000000d5c00000,0x00000000d5c00000,0x00000000d5d00000)
 ParOldGen       total 558592K, used 535779K [0x0000000080000000, 0x00000000a2180000, 0x00000000d5580000)
  object space 558592K, 95% used [0x0000000080000000,0x00000000a0b38ef0,0x00000000a2180000)
 Metaspace       used 90510K, committed 92480K, reserved 1179648K
  class space    used 9200K, committed 10112K, reserved 1048576K
}
Event: 1309.298 GC heap after
{Heap after GC invocations=2499 (full 5):
 PSYoungGen      total 6656K, used 544K [0x00000000d5580000, 0x00000000d5d00000, 0x0000000100000000)
  eden space 5632K, 0% used [0x00000000d5580000,0x00000000d5580000,0x00000000d5b00000)
  from space 1024K, 53% used [0x00000000d5c00000,0x00000000d5c88020,0x00000000d5d00000)
  to   space 1024K, 0% used [0x00000000d5b00000,0x00000000d5b00000,0x00000000d5c00000)
 ParOldGen       total 558592K, used 536523K [0x0000000080000000, 0x00000000a2180000, 0x00000000d5580000)
  object space 558592K, 96% used [0x0000000080000000,0x00000000a0bf2f30,0x00000000a2180000)
 Metaspace       used 90510K, committed 92480K, reserved 1179648K
  class space    used 9200K, committed 10112K, reserved 1048576K
}
Event: 1310.574 GC heap before
{Heap before GC invocations=2500 (full 5):
 PSYoungGen      total 6656K, used 6176K [0x00000000d5580000, 0x00000000d5d00000, 0x0000000100000000)
  eden space 5632K, 100% used [0x00000000d5580000,0x00000000d5b00000,0x00000000d5b00000)
  from space 1024K, 53% used [0x00000000d5c00000,0x00000000d5c88020,0x00000000d5d00000)
  to   space 1024K, 0% used [0x00000000d5b00000,0x00000000d5b00000,0x00000000d5c00000)
 ParOldGen       total 558592K, used 536523K [0x0000000080000000, 0x00000000a2180000, 0x00000000d5580000)
  object space 558592K, 96% used [0x0000000080000000,0x00000000a0bf2f30,0x00000000a2180000)
 Metaspace       used 90513K, committed 92480K, reserved 1179648K
  class space    used 9201K, committed 10112K, reserved 1048576K
}
Event: 1310.578 GC heap after
{Heap after GC invocations=2500 (full 5):
 PSYoungGen      total 6656K, used 544K [0x00000000d5580000, 0x00000000d5d00000, 0x0000000100000000)
  eden space 5632K, 0% used [0x00000000d5580000,0x00000000d5580000,0x00000000d5b00000)
  from space 1024K, 53% used [0x00000000d5b00000,0x00000000d5b88000,0x00000000d5c00000)
  to   space 1024K, 0% used [0x00000000d5c00000,0x00000000d5c00000,0x00000000d5d00000)
 ParOldGen       total 558592K, used 536939K [0x0000000080000000, 0x00000000a2180000, 0x00000000d5580000)
  object space 558592K, 96% used [0x0000000080000000,0x00000000a0c5af70,0x00000000a2180000)
 Metaspace       used 90513K, committed 92480K, reserved 1179648K
  class space    used 9201K, committed 10112K, reserved 1048576K
}

