# JRE version: OpenJDK Runtime Environment Temurin-21.0.4+7 (21.0.4+7) (build 21.0.4+7-LTS)
# Java VM: OpenJDK 64-Bit Server VM Temurin-21.0.4+7 (21.0.4+7-LTS, mixed mode, sharing, tiered, compressed oops, compressed class ptrs, g1 gc, windows-amd64)
GC Precious Log:
 CardTable entry size: 512
 Card Set container configuration: InlinePtr #cards 5 size 8 Array Of Cards #cards 12 size 40 Howl #buckets 4 coarsen threshold 1843 Howl Bitmap #cards 512 size 80 coarsen threshold 460 Card regions per heap region 1 cards per card region 2048
 CPUs: 8 total, 8 available
 Memory: 7939M
 Large Page Support: Disabled
 NUMA Support: Disabled
 Compressed Oops: Enabled (32-bit)
 Heap Region Size: 1M
 Heap Min Capacity: 8M
 Heap Initial Capacity: 126M
 Heap Max Capacity: 1986M
 Pre-touch: Disabled
 Parallel Workers: 8
 Concurrent Workers: 2
 Concurrent Refinement Workers: 8
 Periodic GC: Disabled
Heap:
 garbage-first heap   total 134144K, used 90531K [0x0000000083e00000, 0x0000000100000000)
  region size 1024K, 18 young (18432K), 2 survivors (2048K)
 Metaspace       used 35548K, committed 36096K, reserved 1114112K
  class space    used 3945K, committed 4160K, reserved 1048576K
GC Heap History (20 events):
Event: 6.750 GC heap before
{Heap before GC invocations=2 (full 0):
 garbage-first heap   total 129024K, used 80381K [0x0000000083e00000, 0x0000000100000000)
  region size 1024K, 75 young (76800K), 2 survivors (2048K)
 Metaspace       used 16065K, committed 16384K, reserved 1114112K
  class space    used 1879K, committed 1984K, reserved 1048576K
}
Event: 6.765 GC heap after
{Heap after GC invocations=3 (full 0):
 garbage-first heap   total 129024K, used 14066K [0x0000000083e00000, 0x0000000100000000)
  region size 1024K, 10 young (10240K), 10 survivors (10240K)
 Metaspace       used 16065K, committed 16384K, reserved 1114112K
  class space    used 1879K, committed 1984K, reserved 1048576K
}
Event: 8.024 GC heap before
{Heap before GC invocations=3 (full 0):
 garbage-first heap   total 129024K, used 80626K [0x0000000083e00000, 0x0000000100000000)
  region size 1024K, 75 young (76800K), 10 survivors (10240K)
 Metaspace       used 18141K, committed 18496K, reserved 1114112K
  class space    used 2054K, committed 2176K, reserved 1048576K
}
Event: 8.042 GC heap after
{Heap after GC invocations=4 (full 0):
 garbage-first heap   total 129024K, used 16772K [0x0000000083e00000, 0x0000000100000000)
  region size 1024K, 4 young (4096K), 4 survivors (4096K)
 Metaspace       used 18141K, committed 18496K, reserved 1114112K
  class space    used 2054K, committed 2176K, reserved 1048576K
}
Event: 8.674 GC heap before
{Heap before GC invocations=4 (full 0):
 garbage-first heap   total 129024K, used 43396K [0x0000000083e00000, 0x0000000100000000)
  region size 1024K, 27 young (27648K), 4 survivors (4096K)
 Metaspace       used 21168K, committed 21504K, reserved 1114112K
  class space    used 2415K, committed 2560K, reserved 1048576K
}
Event: 8.681 GC heap after
{Heap after GC invocations=5 (full 0):
 garbage-first heap   total 129024K, used 25263K [0x0000000083e00000, 0x0000000100000000)
  region size 1024K, 8 young (8192K), 8 survivors (8192K)
 Metaspace       used 21168K, committed 21504K, reserved 1114112K
  class space    used 2415K, committed 2560K, reserved 1048576K
}
Event: 9.983 GC heap before
{Heap before GC invocations=6 (full 0):
 garbage-first heap   total 86016K, used 85679K [0x0000000083e00000, 0x0000000100000000)
  region size 1024K, 66 young (67584K), 8 survivors (8192K)
 Metaspace       used 26984K, committed 27392K, reserved 1114112K
  class space    used 3084K, committed 3264K, reserved 1048576K
}
Event: 10.028 GC heap after
{Heap after GC invocations=7 (full 0):
 garbage-first heap   total 109568K, used 39812K [0x0000000083e00000, 0x0000000100000000)
  region size 1024K, 10 young (10240K), 10 survivors (10240K)
 Metaspace       used 26984K, committed 27392K, reserved 1114112K
  class space    used 3084K, committed 3264K, reserved 1048576K
}
Event: 11.203 GC heap before
{Heap before GC invocations=7 (full 0):
 garbage-first heap   total 109568K, used 84868K [0x0000000083e00000, 0x0000000100000000)
  region size 1024K, 55 young (56320K), 10 survivors (10240K)
 Metaspace       used 29067K, committed 29440K, reserved 1114112K
  class space    used 3287K, committed 3456K, reserved 1048576K
}
Event: 11.226 GC heap after
{Heap after GC invocations=8 (full 0):
 garbage-first heap   total 109568K, used 45056K [0x0000000083e00000, 0x0000000100000000)
  region size 1024K, 5 young (5120K), 5 survivors (5120K)
 Metaspace       used 29067K, committed 29440K, reserved 1114112K
  class space    used 3287K, committed 3456K, reserved 1048576K
}
Event: 11.763 GC heap before
{Heap before GC invocations=8 (full 0):
 garbage-first heap   total 109568K, used 89088K [0x0000000083e00000, 0x0000000100000000)
  region size 1024K, 48 young (49152K), 5 survivors (5120K)
 Metaspace       used 30100K, committed 30592K, reserved 1114112K
  class space    used 3401K, committed 3584K, reserved 1048576K
}
Event: 11.777 GC heap after
{Heap after GC invocations=9 (full 0):
 garbage-first heap   total 132096K, used 47090K [0x0000000083e00000, 0x0000000100000000)
  region size 1024K, 2 young (2048K), 2 survivors (2048K)
 Metaspace       used 30100K, committed 30592K, reserved 1114112K
  class space    used 3401K, committed 3584K, reserved 1048576K
}
Event: 12.502 GC heap before
{Heap before GC invocations=9 (full 0):
 garbage-first heap   total 132096K, used 108530K [0x0000000083e00000, 0x0000000100000000)
  region size 1024K, 62 young (63488K), 2 survivors (2048K)
 Metaspace       used 31041K, committed 31552K, reserved 1114112K
  class space    used 3496K, committed 3712K, reserved 1048576K
}
Event: 12.509 GC heap after
{Heap after GC invocations=10 (full 0):
 garbage-first heap   total 132096K, used 47599K [0x0000000083e00000, 0x0000000100000000)
  region size 1024K, 3 young (3072K), 3 survivors (3072K)
 Metaspace       used 31041K, committed 31552K, reserved 1114112K
  class space    used 3496K, committed 3712K, reserved 1048576K
}
Event: 15.613 GC heap before
{Heap before GC invocations=10 (full 0):
 garbage-first heap   total 132096K, used 116207K [0x0000000083e00000, 0x0000000100000000)
  region size 1024K, 65 young (66560K), 3 survivors (3072K)
 Metaspace       used 32586K, committed 33088K, reserved 1114112K
  class space    used 3643K, committed 3904K, reserved 1048576K
}
Event: 15.640 GC heap after
{Heap after GC invocations=11 (full 0):
 garbage-first heap   total 132096K, used 61710K [0x0000000083e00000, 0x0000000100000000)
  region size 1024K, 9 young (9216K), 9 survivors (9216K)
 Metaspace       used 32586K, committed 33088K, reserved 1114112K
  class space    used 3643K, committed 3904K, reserved 1048576K
}
Event: 16.998 GC heap before
{Heap before GC invocations=11 (full 0):
 garbage-first heap   total 132096K, used 110862K [0x0000000083e00000, 0x0000000100000000)
  region size 1024K, 57 young (58368K), 9 survivors (9216K)
 Metaspace       used 33207K, committed 33792K, reserved 1114112K
  class space    used 3719K, committed 4032K, reserved 1048576K
}
Event: 17.025 GC heap after
{Heap after GC invocations=12 (full 0):
 garbage-first heap   total 134144K, used 75776K [0x0000000083e00000, 0x0000000100000000)
  region size 1024K, 8 young (8192K), 8 survivors (8192K)
 Metaspace       used 33207K, committed 33792K, reserved 1114112K
  class space    used 3719K, committed 4032K, reserved 1048576K
}
Event: 17.774 GC heap before
{Heap before GC invocations=12 (full 0):
 garbage-first heap   total 134144K, used 111616K [0x0000000083e00000, 0x0000000100000000)
  region size 1024K, 44 young (45056K), 8 survivors (8192K)
 Metaspace       used 35002K, committed 35584K, reserved 1114112K
  class space    used 3872K, committed 4160K, reserved 1048576K
}
Event: 17.783 GC heap after
{Heap after GC invocations=13 (full 0):
 garbage-first heap   total 134144K, used 76195K [0x0000000083e00000, 0x0000000100000000)
  region size 1024K, 2 young (2048K), 2 survivors (2048K)
 Metaspace       used 35002K, committed 35584K, reserved 1114112K
  class space    used 3872K, committed 4160K, reserved 1048576K
}

